<?xml version="1.0" encoding="UTF-8"?>
<!-- Generated by org.testng.reporters.JUnitReportReporter -->
<testsuite hostname="DESKTOP-GE7ID1L" name="optional_task.i_can_win.test.i_can_win.WebDriverTest" tests="1" failures="0" timestamp="6 Apr 2021 12:48:42 GMT" time="6.065" errors="0">
  <testcase name="scenarioTest2" time="6.065" classname="optional_task.i_can_win.test.i_can_win.WebDriverTest"/>
</testsuite> <!-- optional_task.i_can_win.test.i_can_win.WebDriverTest -->
