<?xml version="1.0" encoding="UTF-8"?>
<!-- Generated by org.testng.reporters.JUnitReportReporter -->
<testsuite hostname="DESKTOP-GE7ID1L" name="test.WithSimpleCalculatorTest" tests="1" failures="0" timestamp="6 Apr 2021 12:48:42 GMT" time="12.684" errors="0">
  <testcase name="openCalculatorPage" time="12.684" classname="test.WithSimpleCalculatorTest"/>
</testsuite> <!-- test.WithSimpleCalculatorTest -->
